\BOOKMARK [1][-]{Doc-Start}{\376\377\000D\000E\000C\000L\000A\000R\000A\000T\000I\000O\000N}{}% 1
\BOOKMARK [1][-]{Doc-Start}{\376\377\000C\000E\000R\000T\000I\000F\000I\000C\000A\000T\000E\000\040\000O\000F\000\040\000A\000P\000P\000R\000O\000V\000A\000L}{}% 2
\BOOKMARK [1][-]{Doc-Start}{\376\377\000C\000O\000P\000Y\000R\000I\000G\000H\000T}{}% 3
\BOOKMARK [1][-]{Doc-Start}{\376\377\000A\000C\000K\000N\000O\000W\000L\000E\000D\000G\000E\000M\000E\000N\000T}{}% 4
\BOOKMARK [1][-]{Doc-Start}{\376\377\000A\000B\000S\000T\000R\000A\000C\000T}{}% 5
\BOOKMARK [1][-]{Doc-Start}{\376\377\000L\000i\000s\000t\000\040\000o\000f\000\040\000F\000i\000g\000u\000r\000e\000s}{}% 6
\BOOKMARK [1][-]{Doc-Start}{\376\377\000L\000i\000s\000t\000\040\000o\000f\000\040\000T\000a\000b\000l\000e\000s}{}% 7
\BOOKMARK [1][-]{Doc-Start}{\376\377\000L\000i\000s\000t\000\040\000o\000f\000\040\000A\000b\000b\000r\000e\000v\000i\000a\000t\000i\000o\000n\000s}{}% 8
\BOOKMARK [1][-]{section.1}{\376\377\000I\000N\000T\000R\000O\000D\000U\000C\000T\000I\000O\000N}{}% 9
\BOOKMARK [2][-]{subsection.1.1}{\376\377\000B\000a\000c\000k\000g\000r\000o\000u\000n\000d}{section.1}% 10
\BOOKMARK [2][-]{subsection.1.2}{\376\377\000M\000o\000t\000i\000v\000a\000t\000i\000o\000n}{section.1}% 11
\BOOKMARK [2][-]{subsection.1.3}{\376\377\000P\000r\000o\000b\000l\000e\000m\000\040\000D\000e\000f\000i\000n\000i\000t\000i\000o\000n}{section.1}% 12
\BOOKMARK [2][-]{subsection.1.4}{\376\377\000P\000r\000o\000j\000e\000c\000t\000\040\000O\000b\000j\000e\000c\000t\000i\000v\000e\000s}{section.1}% 13
\BOOKMARK [2][-]{subsection.1.5}{\376\377\000P\000r\000o\000j\000e\000c\000t\000\040\000S\000c\000o\000p\000e\000\040\000a\000n\000d\000\040\000A\000p\000p\000l\000i\000c\000a\000t\000i\000o\000n\000s}{section.1}% 14
\BOOKMARK [2][-]{subsection.1.6}{\376\377\000R\000e\000p\000o\000r\000t\000\040\000O\000r\000g\000a\000n\000i\000z\000a\000t\000i\000o\000n}{section.1}% 15
\BOOKMARK [1][-]{section.2}{\376\377\000L\000I\000T\000E\000R\000A\000T\000U\000R\000E\000\040\000R\000E\000V\000I\000E\000W}{}% 16
\BOOKMARK [2][-]{subsection.2.1}{\376\377\000E\000x\000i\000s\000t\000i\000n\000g\000\040\000S\000y\000s\000t\000e\000m\000s}{section.2}% 17
\BOOKMARK [3][-]{subsubsection.2.1.1}{\376\377\000D\000e\000e\000p\000w\000a\000r\000e}{subsection.2.1}% 18
\BOOKMARK [3][-]{subsubsection.2.1.2}{\376\377\000D\000u\000c\000k\000D\000u\000c\000k\000G\000o\000o\000s\000e}{subsection.2.1}% 19
\BOOKMARK [2][-]{subsection.2.2}{\376\377\000D\000e\000v\000e\000l\000o\000p\000e\000d\000\040\000S\000y\000s\000t\000e\000m}{section.2}% 20
\BOOKMARK [1][-]{section.3}{\376\377\000R\000E\000Q\000U\000I\000R\000E\000M\000E\000N\000T\000\040\000A\000N\000A\000L\000Y\000S\000I\000S}{}% 21
\BOOKMARK [2][-]{subsection.3.1}{\376\377\000F\000u\000n\000c\000t\000i\000o\000n\000a\000l\000\040\000R\000e\000q\000u\000i\000r\000e\000m\000e\000n\000t}{section.3}% 22
\BOOKMARK [2][-]{subsection.3.2}{\376\377\000N\000o\000n\000\040\000F\000u\000n\000c\000t\000i\000o\000n\000a\000l\000\040\000R\000e\000q\000u\000i\000r\000e\000m\000e\000n\000t}{section.3}% 23
\BOOKMARK [2][-]{subsection.3.3}{\376\377\000F\000e\000a\000s\000i\000b\000i\000l\000i\000t\000y\000\040\000S\000t\000u\000d\000y}{section.3}% 24
\BOOKMARK [3][-]{subsubsection.3.3.1}{\376\377\000E\000c\000o\000n\000o\000m\000i\000c\000\040\000f\000e\000a\000s\000i\000b\000i\000l\000i\000t\000y}{subsection.3.3}% 25
\BOOKMARK [3][-]{subsubsection.3.3.2}{\376\377\000O\000p\000e\000r\000a\000t\000i\000o\000n\000a\000l\000\040\000f\000e\000a\000s\000i\000b\000i\000l\000i\000t\000y}{subsection.3.3}% 26
\BOOKMARK [3][-]{subsubsection.3.3.3}{\376\377\000T\000e\000c\000h\000n\000i\000c\000a\000l\000\040\000f\000e\000a\000s\000i\000b\000i\000l\000i\000t\000y}{subsection.3.3}% 27
\BOOKMARK [2][-]{subsection.3.4}{\376\377\000S\000y\000s\000t\000e\000m\000\040\000D\000e\000v\000e\000l\000o\000p\000m\000e\000n\000t\000\040\000T\000o\000o\000l\000s}{section.3}% 28
\BOOKMARK [1][-]{section.4}{\376\377\000S\000Y\000S\000T\000E\000M\000\040\000A\000R\000C\000H\000I\000T\000E\000C\000T\000U